<?xml version="1.0" encoding="UTF-8"?>
<!-- Generated by org.testng.reporters.JUnitReportReporter -->
<testsuite hostname="Rakki" failures="0" tests="7" name="com.flipkart.testscenarios.PlaceOrder" time="0.011" errors="0" timestamp="2022-04-14T13:46:30 IST" skipped="0">
  <testcase classname="com.flipkart.testscenarios.PlaceOrder" name="validateLoginTest" time="0.008"/>
  <system-out/>
  <testcase classname="com.flipkart.testscenarios.PlaceOrder" name="validateSearchProductTest" time="0.001"/>
  <system-out/>
  <testcase classname="com.flipkart.testscenarios.PlaceOrder" name="validateSelectProductTest" time="0.002"/>
  <system-out/>
  <testcase classname="com.flipkart.testscenarios.PlaceOrder" name="validateAddToCartTest" time="0.000"/>
  <system-out/>
  <testcase classname="com.flipkart.testscenarios.PlaceOrder" name="validatePlaceOrderTest" time="0.000"/>
  <system-out/>
  <testcase classname="com.flipkart.testscenarios.PlaceOrder" name="validateMakePaymentTest" time="0.000"/>
  <system-out/>
  <testcase classname="com.flipkart.testscenarios.PlaceOrder" name="validateLogoutTest" time="0.000"/>
  <system-out/>
</testsuite> <!-- com.flipkart.testscenarios.PlaceOrder -->
